Classic Timing Analyzer report for cpld_code
Thu Dec 28 11:51:40 2023
Quartus II Version 9.1 Build 350 03/24/2010 Service Pack 2 SJ Web Edition


---------------------
; Table of Contents ;
---------------------
  1. Legal Notice
  2. Timing Analyzer Summary
  3. Timing Analyzer Settings
  4. Clock Settings Summary
  5. Parallel Compilation
  6. Clock Setup: 'clk'
  7. tco
  8. Timing Analyzer Messages



----------------
; Legal Notice ;
----------------
Copyright (C) 1991-2010 Altera Corporation
Your use of Altera Corporation's design tools, logic functions 
and other software and tools, and its AMPP partner logic 
functions, and any output files from any of the foregoing 
(including device programming or simulation files), and any 
associated documentation or information are expressly subject 
to the terms and conditions of the Altera Program License 
Subscription Agreement, Altera MegaCore Function License 
Agreement, or other applicable license agreement, including, 
without limitation, that your use is for the sole purpose of 
programming logic devices manufactured by Altera and sold by 
Altera or its authorized distributors.  Please refer to the 
applicable agreement for further details.



+---------------------------------------------------------------------------------------------------------------------------------------------------------+
; Timing Analyzer Summary                                                                                                                                 ;
+------------------------------+-------+---------------+----------------------------------+-----------+------------+------------+----------+--------------+
; Type                         ; Slack ; Required Time ; Actual Time                      ; From      ; To         ; From Clock ; To Clock ; Failed Paths ;
+------------------------------+-------+---------------+----------------------------------+-----------+------------+------------+----------+--------------+
; Worst-case tco               ; N/A   ; None          ; 12.801 ns                        ; bcd[1]    ; seg_out[3] ; clk        ; --       ; 0            ;
; Clock Setup: 'clk'           ; N/A   ; None          ; 74.85 MHz ( period = 13.360 ns ) ; cnt_p[11] ; cnt_p[5]   ; clk        ; clk      ; 0            ;
; Total number of failed paths ;       ;               ;                                  ;           ;            ;            ;          ; 0            ;
+------------------------------+-------+---------------+----------------------------------+-----------+------------+------------+----------+--------------+


+-----------------------------------------------------------------------------------------------------------------------------------------------------+
; Timing Analyzer Settings                                                                                                                            ;
+------------------------------------------------------------------------------------------------------+--------------------+------+----+-------------+
; Option                                                                                               ; Setting            ; From ; To ; Entity Name ;
+------------------------------------------------------------------------------------------------------+--------------------+------+----+-------------+
; Device Name                                                                                          ; EPM1270T144C5      ;      ;    ;             ;
; Timing Models                                                                                        ; Final              ;      ;    ;             ;
; Default hold multicycle                                                                              ; Same as Multicycle ;      ;    ;             ;
; Cut paths between unrelated clock domains                                                            ; On                 ;      ;    ;             ;
; Cut off read during write signal paths                                                               ; On                 ;      ;    ;             ;
; Cut off feedback from I/O pins                                                                       ; On                 ;      ;    ;             ;
; Report Combined Fast/Slow Timing                                                                     ; Off                ;      ;    ;             ;
; Ignore Clock Settings                                                                                ; Off                ;      ;    ;             ;
; Analyze latches as synchronous elements                                                              ; On                 ;      ;    ;             ;
; Enable Recovery/Removal analysis                                                                     ; Off                ;      ;    ;             ;
; Enable Clock Latency                                                                                 ; Off                ;      ;    ;             ;
; Use TimeQuest Timing Analyzer                                                                        ; Off                ;      ;    ;             ;
; Minimum Core Junction Temperature                                                                    ; 0                  ;      ;    ;             ;
; Maximum Core Junction Temperature                                                                    ; 85                 ;      ;    ;             ;
; Number of source nodes to report per destination node                                                ; 10                 ;      ;    ;             ;
; Number of destination nodes to report                                                                ; 10                 ;      ;    ;             ;
; Number of paths to report                                                                            ; 200                ;      ;    ;             ;
; Report Minimum Timing Checks                                                                         ; Off                ;      ;    ;             ;
; Use Fast Timing Models                                                                               ; Off                ;      ;    ;             ;
; Report IO Paths Separately                                                                           ; Off                ;      ;    ;             ;
; Perform Multicorner Analysis                                                                         ; Off                ;      ;    ;             ;
; Reports the worst-case path for each clock domain and analysis                                       ; Off                ;      ;    ;             ;
; Reports worst-case timing paths for each clock domain and analysis                                   ; On                 ;      ;    ;             ;
; Specifies the maximum number of worst-case timing paths to report for each clock domain and analysis ; 100                ;      ;    ;             ;
; Removes common clock path pessimism (CCPP) during slack computation                                  ; Off                ;      ;    ;             ;
; Output I/O Timing Endpoint                                                                           ; Near End           ;      ;    ;             ;
+------------------------------------------------------------------------------------------------------+--------------------+------+----+-------------+


+------------------------------------------------------------------------------------------------------------------------------------------------------------------------------------+
; Clock Settings Summary                                                                                                                                                             ;
+-----------------+--------------------+----------+------------------+---------------+--------------+----------+-----------------------+---------------------+--------+--------------+
; Clock Node Name ; Clock Setting Name ; Type     ; Fmax Requirement ; Early Latency ; Late Latency ; Based on ; Multiply Base Fmax by ; Divide Base Fmax by ; Offset ; Phase offset ;
+-----------------+--------------------+----------+------------------+---------------+--------------+----------+-----------------------+---------------------+--------+--------------+
; clk             ;                    ; User Pin ; None             ; 0.000 ns      ; 0.000 ns     ; --       ; N/A                   ; N/A                 ; N/A    ;              ;
+-----------------+--------------------+----------+------------------+---------------+--------------+----------+-----------------------+---------------------+--------+--------------+


Parallel compilation was disabled, but you have multiple processors available. Enable parallel compilation to reduce compilation time.
+-------------------------------------+
; Parallel Compilation                ;
+----------------------------+--------+
; Processors                 ; Number ;
+----------------------------+--------+
; Number detected on machine ; 4      ;
; Maximum allowed            ; 1      ;
+----------------------------+--------+


+-----------------------------------------------------------------------------------------------------------------------------------------------------------------------------------------------------------------------------------+
; Clock Setup: 'clk'                                                                                                                                                                                                                ;
+-----------------------------------------+-----------------------------------------------------+-----------+-----------+------------+----------+-----------------------------+---------------------------+-------------------------+
; Slack                                   ; Actual fmax (period)                                ; From      ; To        ; From Clock ; To Clock ; Required Setup Relationship ; Required Longest P2P Time ; Actual Longest P2P Time ;
+-----------------------------------------+-----------------------------------------------------+-----------+-----------+------------+----------+-----------------------------+---------------------------+-------------------------+
; N/A                                     ; 74.85 MHz ( period = 13.360 ns )                    ; cnt_p[11] ; cnt_p[6]  ; clk        ; clk      ; None                        ; None                      ; 12.651 ns               ;
; N/A                                     ; 74.85 MHz ( period = 13.360 ns )                    ; cnt_p[11] ; cnt_p[0]  ; clk        ; clk      ; None                        ; None                      ; 12.651 ns               ;
; N/A                                     ; 74.85 MHz ( period = 13.360 ns )                    ; cnt_p[11] ; cnt_p[1]  ; clk        ; clk      ; None                        ; None                      ; 12.651 ns               ;
; N/A                                     ; 74.85 MHz ( period = 13.360 ns )                    ; cnt_p[11] ; cnt_p[2]  ; clk        ; clk      ; None                        ; None                      ; 12.651 ns               ;
; N/A                                     ; 74.85 MHz ( period = 13.360 ns )                    ; cnt_p[11] ; cnt_p[3]  ; clk        ; clk      ; None                        ; None                      ; 12.651 ns               ;
; N/A                                     ; 74.85 MHz ( period = 13.360 ns )                    ; cnt_p[11] ; cnt_p[4]  ; clk        ; clk      ; None                        ; None                      ; 12.651 ns               ;
; N/A                                     ; 74.85 MHz ( period = 13.360 ns )                    ; cnt_p[11] ; cnt_p[5]  ; clk        ; clk      ; None                        ; None                      ; 12.651 ns               ;
; N/A                                     ; 74.95 MHz ( period = 13.343 ns )                    ; cnt_p[11] ; cnt_p[16] ; clk        ; clk      ; None                        ; None                      ; 12.634 ns               ;
; N/A                                     ; 74.95 MHz ( period = 13.343 ns )                    ; cnt_p[11] ; cnt_p[11] ; clk        ; clk      ; None                        ; None                      ; 12.634 ns               ;
; N/A                                     ; 74.95 MHz ( period = 13.343 ns )                    ; cnt_p[11] ; cnt_p[15] ; clk        ; clk      ; None                        ; None                      ; 12.634 ns               ;
; N/A                                     ; 74.95 MHz ( period = 13.343 ns )                    ; cnt_p[11] ; cnt_p[14] ; clk        ; clk      ; None                        ; None                      ; 12.634 ns               ;
; N/A                                     ; 74.95 MHz ( period = 13.343 ns )                    ; cnt_p[11] ; cnt_p[13] ; clk        ; clk      ; None                        ; None                      ; 12.634 ns               ;
; N/A                                     ; 74.95 MHz ( period = 13.343 ns )                    ; cnt_p[11] ; cnt_p[12] ; clk        ; clk      ; None                        ; None                      ; 12.634 ns               ;
; N/A                                     ; 74.95 MHz ( period = 13.343 ns )                    ; cnt_p[11] ; cnt_p[8]  ; clk        ; clk      ; None                        ; None                      ; 12.634 ns               ;
; N/A                                     ; 74.95 MHz ( period = 13.343 ns )                    ; cnt_p[11] ; cnt_p[10] ; clk        ; clk      ; None                        ; None                      ; 12.634 ns               ;
; N/A                                     ; 74.95 MHz ( period = 13.343 ns )                    ; cnt_p[11] ; cnt_p[9]  ; clk        ; clk      ; None                        ; None                      ; 12.634 ns               ;
; N/A                                     ; 74.95 MHz ( period = 13.343 ns )                    ; cnt_p[11] ; cnt_p[7]  ; clk        ; clk      ; None                        ; None                      ; 12.634 ns               ;
; N/A                                     ; 75.09 MHz ( period = 13.318 ns )                    ; cnt_p[20] ; cnt_p[6]  ; clk        ; clk      ; None                        ; None                      ; 12.609 ns               ;
; N/A                                     ; 75.09 MHz ( period = 13.318 ns )                    ; cnt_p[20] ; cnt_p[0]  ; clk        ; clk      ; None                        ; None                      ; 12.609 ns               ;
; N/A                                     ; 75.09 MHz ( period = 13.318 ns )                    ; cnt_p[20] ; cnt_p[1]  ; clk        ; clk      ; None                        ; None                      ; 12.609 ns               ;
; N/A                                     ; 75.09 MHz ( period = 13.318 ns )                    ; cnt_p[20] ; cnt_p[2]  ; clk        ; clk      ; None                        ; None                      ; 12.609 ns               ;
; N/A                                     ; 75.09 MHz ( period = 13.318 ns )                    ; cnt_p[20] ; cnt_p[3]  ; clk        ; clk      ; None                        ; None                      ; 12.609 ns               ;
; N/A                                     ; 75.09 MHz ( period = 13.318 ns )                    ; cnt_p[20] ; cnt_p[4]  ; clk        ; clk      ; None                        ; None                      ; 12.609 ns               ;
; N/A                                     ; 75.09 MHz ( period = 13.318 ns )                    ; cnt_p[20] ; cnt_p[5]  ; clk        ; clk      ; None                        ; None                      ; 12.609 ns               ;
; N/A                                     ; 75.18 MHz ( period = 13.301 ns )                    ; cnt_p[20] ; cnt_p[16] ; clk        ; clk      ; None                        ; None                      ; 12.592 ns               ;
; N/A                                     ; 75.18 MHz ( period = 13.301 ns )                    ; cnt_p[20] ; cnt_p[11] ; clk        ; clk      ; None                        ; None                      ; 12.592 ns               ;
; N/A                                     ; 75.18 MHz ( period = 13.301 ns )                    ; cnt_p[20] ; cnt_p[15] ; clk        ; clk      ; None                        ; None                      ; 12.592 ns               ;
; N/A                                     ; 75.18 MHz ( period = 13.301 ns )                    ; cnt_p[20] ; cnt_p[14] ; clk        ; clk      ; None                        ; None                      ; 12.592 ns               ;
; N/A                                     ; 75.18 MHz ( period = 13.301 ns )                    ; cnt_p[20] ; cnt_p[13] ; clk        ; clk      ; None                        ; None                      ; 12.592 ns               ;
; N/A                                     ; 75.18 MHz ( period = 13.301 ns )                    ; cnt_p[20] ; cnt_p[12] ; clk        ; clk      ; None                        ; None                      ; 12.592 ns               ;
; N/A                                     ; 75.18 MHz ( period = 13.301 ns )                    ; cnt_p[20] ; cnt_p[8]  ; clk        ; clk      ; None                        ; None                      ; 12.592 ns               ;
; N/A                                     ; 75.18 MHz ( period = 13.301 ns )                    ; cnt_p[20] ; cnt_p[10] ; clk        ; clk      ; None                        ; None                      ; 12.592 ns               ;
; N/A                                     ; 75.18 MHz ( period = 13.301 ns )                    ; cnt_p[20] ; cnt_p[9]  ; clk        ; clk      ; None                        ; None                      ; 12.592 ns               ;
; N/A                                     ; 75.18 MHz ( period = 13.301 ns )                    ; cnt_p[20] ; cnt_p[7]  ; clk        ; clk      ; None                        ; None                      ; 12.592 ns               ;
; N/A                                     ; 75.40 MHz ( period = 13.262 ns )                    ; cnt_p[23] ; cnt_p[6]  ; clk        ; clk      ; None                        ; None                      ; 12.553 ns               ;
; N/A                                     ; 75.40 MHz ( period = 13.262 ns )                    ; cnt_p[23] ; cnt_p[0]  ; clk        ; clk      ; None                        ; None                      ; 12.553 ns               ;
; N/A                                     ; 75.40 MHz ( period = 13.262 ns )                    ; cnt_p[23] ; cnt_p[1]  ; clk        ; clk      ; None                        ; None                      ; 12.553 ns               ;
; N/A                                     ; 75.40 MHz ( period = 13.262 ns )                    ; cnt_p[23] ; cnt_p[2]  ; clk        ; clk      ; None                        ; None                      ; 12.553 ns               ;
; N/A                                     ; 75.40 MHz ( period = 13.262 ns )                    ; cnt_p[23] ; cnt_p[3]  ; clk        ; clk      ; None                        ; None                      ; 12.553 ns               ;
; N/A                                     ; 75.40 MHz ( period = 13.262 ns )                    ; cnt_p[23] ; cnt_p[4]  ; clk        ; clk      ; None                        ; None                      ; 12.553 ns               ;
; N/A                                     ; 75.40 MHz ( period = 13.262 ns )                    ; cnt_p[23] ; cnt_p[5]  ; clk        ; clk      ; None                        ; None                      ; 12.553 ns               ;
; N/A                                     ; 75.50 MHz ( period = 13.245 ns )                    ; cnt_p[23] ; cnt_p[16] ; clk        ; clk      ; None                        ; None                      ; 12.536 ns               ;
; N/A                                     ; 75.50 MHz ( period = 13.245 ns )                    ; cnt_p[23] ; cnt_p[11] ; clk        ; clk      ; None                        ; None                      ; 12.536 ns               ;
; N/A                                     ; 75.50 MHz ( period = 13.245 ns )                    ; cnt_p[23] ; cnt_p[15] ; clk        ; clk      ; None                        ; None                      ; 12.536 ns               ;
; N/A                                     ; 75.50 MHz ( period = 13.245 ns )                    ; cnt_p[23] ; cnt_p[14] ; clk        ; clk      ; None                        ; None                      ; 12.536 ns               ;
; N/A                                     ; 75.50 MHz ( period = 13.245 ns )                    ; cnt_p[23] ; cnt_p[13] ; clk        ; clk      ; None                        ; None                      ; 12.536 ns               ;
; N/A                                     ; 75.50 MHz ( period = 13.245 ns )                    ; cnt_p[23] ; cnt_p[12] ; clk        ; clk      ; None                        ; None                      ; 12.536 ns               ;
; N/A                                     ; 75.50 MHz ( period = 13.245 ns )                    ; cnt_p[23] ; cnt_p[8]  ; clk        ; clk      ; None                        ; None                      ; 12.536 ns               ;
; N/A                                     ; 75.50 MHz ( period = 13.245 ns )                    ; cnt_p[23] ; cnt_p[10] ; clk        ; clk      ; None                        ; None                      ; 12.536 ns               ;
; N/A                                     ; 75.50 MHz ( period = 13.245 ns )                    ; cnt_p[23] ; cnt_p[9]  ; clk        ; clk      ; None                        ; None                      ; 12.536 ns               ;
; N/A                                     ; 75.50 MHz ( period = 13.245 ns )                    ; cnt_p[23] ; cnt_p[7]  ; clk        ; clk      ; None                        ; None                      ; 12.536 ns               ;
; N/A                                     ; 77.04 MHz ( period = 12.980 ns )                    ; cnt_p[9]  ; cnt_p[6]  ; clk        ; clk      ; None                        ; None                      ; 12.271 ns               ;
; N/A                                     ; 77.04 MHz ( period = 12.980 ns )                    ; cnt_p[9]  ; cnt_p[0]  ; clk        ; clk      ; None                        ; None                      ; 12.271 ns               ;
; N/A                                     ; 77.04 MHz ( period = 12.980 ns )                    ; cnt_p[9]  ; cnt_p[1]  ; clk        ; clk      ; None                        ; None                      ; 12.271 ns               ;
; N/A                                     ; 77.04 MHz ( period = 12.980 ns )                    ; cnt_p[9]  ; cnt_p[2]  ; clk        ; clk      ; None                        ; None                      ; 12.271 ns               ;
; N/A                                     ; 77.04 MHz ( period = 12.980 ns )                    ; cnt_p[9]  ; cnt_p[3]  ; clk        ; clk      ; None                        ; None                      ; 12.271 ns               ;
; N/A                                     ; 77.04 MHz ( period = 12.980 ns )                    ; cnt_p[9]  ; cnt_p[4]  ; clk        ; clk      ; None                        ; None                      ; 12.271 ns               ;
; N/A                                     ; 77.04 MHz ( period = 12.980 ns )                    ; cnt_p[9]  ; cnt_p[5]  ; clk        ; clk      ; None                        ; None                      ; 12.271 ns               ;
; N/A                                     ; 77.14 MHz ( period = 12.963 ns )                    ; cnt_p[9]  ; cnt_p[16] ; clk        ; clk      ; None                        ; None                      ; 12.254 ns               ;
; N/A                                     ; 77.14 MHz ( period = 12.963 ns )                    ; cnt_p[9]  ; cnt_p[11] ; clk        ; clk      ; None                        ; None                      ; 12.254 ns               ;
; N/A                                     ; 77.14 MHz ( period = 12.963 ns )                    ; cnt_p[9]  ; cnt_p[15] ; clk        ; clk      ; None                        ; None                      ; 12.254 ns               ;
; N/A                                     ; 77.14 MHz ( period = 12.963 ns )                    ; cnt_p[9]  ; cnt_p[14] ; clk        ; clk      ; None                        ; None                      ; 12.254 ns               ;
; N/A                                     ; 77.14 MHz ( period = 12.963 ns )                    ; cnt_p[9]  ; cnt_p[13] ; clk        ; clk      ; None                        ; None                      ; 12.254 ns               ;
; N/A                                     ; 77.14 MHz ( period = 12.963 ns )                    ; cnt_p[9]  ; cnt_p[12] ; clk        ; clk      ; None                        ; None                      ; 12.254 ns               ;
; N/A                                     ; 77.14 MHz ( period = 12.963 ns )                    ; cnt_p[9]  ; cnt_p[8]  ; clk        ; clk      ; None                        ; None                      ; 12.254 ns               ;
; N/A                                     ; 77.14 MHz ( period = 12.963 ns )                    ; cnt_p[9]  ; cnt_p[10] ; clk        ; clk      ; None                        ; None                      ; 12.254 ns               ;
; N/A                                     ; 77.14 MHz ( period = 12.963 ns )                    ; cnt_p[9]  ; cnt_p[9]  ; clk        ; clk      ; None                        ; None                      ; 12.254 ns               ;
; N/A                                     ; 77.14 MHz ( period = 12.963 ns )                    ; cnt_p[9]  ; cnt_p[7]  ; clk        ; clk      ; None                        ; None                      ; 12.254 ns               ;
; N/A                                     ; 78.65 MHz ( period = 12.715 ns )                    ; cnt_p[11] ; cnt_p[20] ; clk        ; clk      ; None                        ; None                      ; 12.006 ns               ;
; N/A                                     ; 78.65 MHz ( period = 12.715 ns )                    ; cnt_p[11] ; cnt_p[19] ; clk        ; clk      ; None                        ; None                      ; 12.006 ns               ;
; N/A                                     ; 78.65 MHz ( period = 12.715 ns )                    ; cnt_p[11] ; cnt_p[18] ; clk        ; clk      ; None                        ; None                      ; 12.006 ns               ;
; N/A                                     ; 78.65 MHz ( period = 12.715 ns )                    ; cnt_p[11] ; cnt_p[17] ; clk        ; clk      ; None                        ; None                      ; 12.006 ns               ;
; N/A                                     ; 78.65 MHz ( period = 12.715 ns )                    ; cnt_p[11] ; cnt_p[23] ; clk        ; clk      ; None                        ; None                      ; 12.006 ns               ;
; N/A                                     ; 78.65 MHz ( period = 12.715 ns )                    ; cnt_p[11] ; cnt_p[22] ; clk        ; clk      ; None                        ; None                      ; 12.006 ns               ;
; N/A                                     ; 78.65 MHz ( period = 12.715 ns )                    ; cnt_p[11] ; cnt_p[21] ; clk        ; clk      ; None                        ; None                      ; 12.006 ns               ;
; N/A                                     ; 78.65 MHz ( period = 12.715 ns )                    ; cnt_p[11] ; cnt_p[24] ; clk        ; clk      ; None                        ; None                      ; 12.006 ns               ;
; N/A                                     ; 78.91 MHz ( period = 12.673 ns )                    ; cnt_p[20] ; cnt_p[20] ; clk        ; clk      ; None                        ; None                      ; 11.964 ns               ;
; N/A                                     ; 78.91 MHz ( period = 12.673 ns )                    ; cnt_p[20] ; cnt_p[19] ; clk        ; clk      ; None                        ; None                      ; 11.964 ns               ;
; N/A                                     ; 78.91 MHz ( period = 12.673 ns )                    ; cnt_p[20] ; cnt_p[18] ; clk        ; clk      ; None                        ; None                      ; 11.964 ns               ;
; N/A                                     ; 78.91 MHz ( period = 12.673 ns )                    ; cnt_p[20] ; cnt_p[17] ; clk        ; clk      ; None                        ; None                      ; 11.964 ns               ;
; N/A                                     ; 78.91 MHz ( period = 12.673 ns )                    ; cnt_p[20] ; cnt_p[23] ; clk        ; clk      ; None                        ; None                      ; 11.964 ns               ;
; N/A                                     ; 78.91 MHz ( period = 12.673 ns )                    ; cnt_p[20] ; cnt_p[22] ; clk        ; clk      ; None                        ; None                      ; 11.964 ns               ;
; N/A                                     ; 78.91 MHz ( period = 12.673 ns )                    ; cnt_p[20] ; cnt_p[21] ; clk        ; clk      ; None                        ; None                      ; 11.964 ns               ;
; N/A                                     ; 78.91 MHz ( period = 12.673 ns )                    ; cnt_p[20] ; cnt_p[24] ; clk        ; clk      ; None                        ; None                      ; 11.964 ns               ;
; N/A                                     ; 79.26 MHz ( period = 12.617 ns )                    ; cnt_p[23] ; cnt_p[20] ; clk        ; clk      ; None                        ; None                      ; 11.908 ns               ;
; N/A                                     ; 79.26 MHz ( period = 12.617 ns )                    ; cnt_p[23] ; cnt_p[19] ; clk        ; clk      ; None                        ; None                      ; 11.908 ns               ;
; N/A                                     ; 79.26 MHz ( period = 12.617 ns )                    ; cnt_p[23] ; cnt_p[18] ; clk        ; clk      ; None                        ; None                      ; 11.908 ns               ;
; N/A                                     ; 79.26 MHz ( period = 12.617 ns )                    ; cnt_p[23] ; cnt_p[17] ; clk        ; clk      ; None                        ; None                      ; 11.908 ns               ;
; N/A                                     ; 79.26 MHz ( period = 12.617 ns )                    ; cnt_p[23] ; cnt_p[23] ; clk        ; clk      ; None                        ; None                      ; 11.908 ns               ;
; N/A                                     ; 79.26 MHz ( period = 12.617 ns )                    ; cnt_p[23] ; cnt_p[22] ; clk        ; clk      ; None                        ; None                      ; 11.908 ns               ;
; N/A                                     ; 79.26 MHz ( period = 12.617 ns )                    ; cnt_p[23] ; cnt_p[21] ; clk        ; clk      ; None                        ; None                      ; 11.908 ns               ;
; N/A                                     ; 79.26 MHz ( period = 12.617 ns )                    ; cnt_p[23] ; cnt_p[24] ; clk        ; clk      ; None                        ; None                      ; 11.908 ns               ;
; N/A                                     ; 81.07 MHz ( period = 12.335 ns )                    ; cnt_p[9]  ; cnt_p[20] ; clk        ; clk      ; None                        ; None                      ; 11.626 ns               ;
; N/A                                     ; 81.07 MHz ( period = 12.335 ns )                    ; cnt_p[9]  ; cnt_p[19] ; clk        ; clk      ; None                        ; None                      ; 11.626 ns               ;
; N/A                                     ; 81.07 MHz ( period = 12.335 ns )                    ; cnt_p[9]  ; cnt_p[18] ; clk        ; clk      ; None                        ; None                      ; 11.626 ns               ;
; N/A                                     ; 81.07 MHz ( period = 12.335 ns )                    ; cnt_p[9]  ; cnt_p[17] ; clk        ; clk      ; None                        ; None                      ; 11.626 ns               ;
; N/A                                     ; 81.07 MHz ( period = 12.335 ns )                    ; cnt_p[9]  ; cnt_p[23] ; clk        ; clk      ; None                        ; None                      ; 11.626 ns               ;
; N/A                                     ; 81.07 MHz ( period = 12.335 ns )                    ; cnt_p[9]  ; cnt_p[22] ; clk        ; clk      ; None                        ; None                      ; 11.626 ns               ;
; N/A                                     ; 81.07 MHz ( period = 12.335 ns )                    ; cnt_p[9]  ; cnt_p[21] ; clk        ; clk      ; None                        ; None                      ; 11.626 ns               ;
; N/A                                     ; 81.07 MHz ( period = 12.335 ns )                    ; cnt_p[9]  ; cnt_p[24] ; clk        ; clk      ; None                        ; None                      ; 11.626 ns               ;
; N/A                                     ; 87.50 MHz ( period = 11.429 ns )                    ; cnt_p[22] ; cnt_p[6]  ; clk        ; clk      ; None                        ; None                      ; 10.720 ns               ;
; N/A                                     ; 87.50 MHz ( period = 11.429 ns )                    ; cnt_p[22] ; cnt_p[0]  ; clk        ; clk      ; None                        ; None                      ; 10.720 ns               ;
; N/A                                     ; 87.50 MHz ( period = 11.429 ns )                    ; cnt_p[22] ; cnt_p[1]  ; clk        ; clk      ; None                        ; None                      ; 10.720 ns               ;
; N/A                                     ; 87.50 MHz ( period = 11.429 ns )                    ; cnt_p[22] ; cnt_p[2]  ; clk        ; clk      ; None                        ; None                      ; 10.720 ns               ;
; N/A                                     ; 87.50 MHz ( period = 11.429 ns )                    ; cnt_p[22] ; cnt_p[3]  ; clk        ; clk      ; None                        ; None                      ; 10.720 ns               ;
; N/A                                     ; 87.50 MHz ( period = 11.429 ns )                    ; cnt_p[22] ; cnt_p[4]  ; clk        ; clk      ; None                        ; None                      ; 10.720 ns               ;
; N/A                                     ; 87.50 MHz ( period = 11.429 ns )                    ; cnt_p[22] ; cnt_p[5]  ; clk        ; clk      ; None                        ; None                      ; 10.720 ns               ;
; N/A                                     ; 87.63 MHz ( period = 11.412 ns )                    ; cnt_p[22] ; cnt_p[16] ; clk        ; clk      ; None                        ; None                      ; 10.703 ns               ;
; N/A                                     ; 87.63 MHz ( period = 11.412 ns )                    ; cnt_p[22] ; cnt_p[11] ; clk        ; clk      ; None                        ; None                      ; 10.703 ns               ;
; N/A                                     ; 87.63 MHz ( period = 11.412 ns )                    ; cnt_p[22] ; cnt_p[15] ; clk        ; clk      ; None                        ; None                      ; 10.703 ns               ;
; N/A                                     ; 87.63 MHz ( period = 11.412 ns )                    ; cnt_p[22] ; cnt_p[14] ; clk        ; clk      ; None                        ; None                      ; 10.703 ns               ;
; N/A                                     ; 87.63 MHz ( period = 11.412 ns )                    ; cnt_p[22] ; cnt_p[13] ; clk        ; clk      ; None                        ; None                      ; 10.703 ns               ;
; N/A                                     ; 87.63 MHz ( period = 11.412 ns )                    ; cnt_p[22] ; cnt_p[12] ; clk        ; clk      ; None                        ; None                      ; 10.703 ns               ;
; N/A                                     ; 87.63 MHz ( period = 11.412 ns )                    ; cnt_p[22] ; cnt_p[8]  ; clk        ; clk      ; None                        ; None                      ; 10.703 ns               ;
; N/A                                     ; 87.63 MHz ( period = 11.412 ns )                    ; cnt_p[22] ; cnt_p[10] ; clk        ; clk      ; None                        ; None                      ; 10.703 ns               ;
; N/A                                     ; 87.63 MHz ( period = 11.412 ns )                    ; cnt_p[22] ; cnt_p[9]  ; clk        ; clk      ; None                        ; None                      ; 10.703 ns               ;
; N/A                                     ; 87.63 MHz ( period = 11.412 ns )                    ; cnt_p[22] ; cnt_p[7]  ; clk        ; clk      ; None                        ; None                      ; 10.703 ns               ;
; N/A                                     ; 88.07 MHz ( period = 11.355 ns )                    ; cnt_p[12] ; cnt_p[6]  ; clk        ; clk      ; None                        ; None                      ; 10.646 ns               ;
; N/A                                     ; 88.07 MHz ( period = 11.355 ns )                    ; cnt_p[12] ; cnt_p[0]  ; clk        ; clk      ; None                        ; None                      ; 10.646 ns               ;
; N/A                                     ; 88.07 MHz ( period = 11.355 ns )                    ; cnt_p[12] ; cnt_p[1]  ; clk        ; clk      ; None                        ; None                      ; 10.646 ns               ;
; N/A                                     ; 88.07 MHz ( period = 11.355 ns )                    ; cnt_p[12] ; cnt_p[2]  ; clk        ; clk      ; None                        ; None                      ; 10.646 ns               ;
; N/A                                     ; 88.07 MHz ( period = 11.355 ns )                    ; cnt_p[12] ; cnt_p[3]  ; clk        ; clk      ; None                        ; None                      ; 10.646 ns               ;
; N/A                                     ; 88.07 MHz ( period = 11.355 ns )                    ; cnt_p[12] ; cnt_p[4]  ; clk        ; clk      ; None                        ; None                      ; 10.646 ns               ;
; N/A                                     ; 88.07 MHz ( period = 11.355 ns )                    ; cnt_p[12] ; cnt_p[5]  ; clk        ; clk      ; None                        ; None                      ; 10.646 ns               ;
; N/A                                     ; 88.20 MHz ( period = 11.338 ns )                    ; cnt_p[12] ; cnt_p[16] ; clk        ; clk      ; None                        ; None                      ; 10.629 ns               ;
; N/A                                     ; 88.20 MHz ( period = 11.338 ns )                    ; cnt_p[12] ; cnt_p[11] ; clk        ; clk      ; None                        ; None                      ; 10.629 ns               ;
; N/A                                     ; 88.20 MHz ( period = 11.338 ns )                    ; cnt_p[12] ; cnt_p[15] ; clk        ; clk      ; None                        ; None                      ; 10.629 ns               ;
; N/A                                     ; 88.20 MHz ( period = 11.338 ns )                    ; cnt_p[12] ; cnt_p[14] ; clk        ; clk      ; None                        ; None                      ; 10.629 ns               ;
; N/A                                     ; 88.20 MHz ( period = 11.338 ns )                    ; cnt_p[12] ; cnt_p[13] ; clk        ; clk      ; None                        ; None                      ; 10.629 ns               ;
; N/A                                     ; 88.20 MHz ( period = 11.338 ns )                    ; cnt_p[12] ; cnt_p[12] ; clk        ; clk      ; None                        ; None                      ; 10.629 ns               ;
; N/A                                     ; 88.20 MHz ( period = 11.338 ns )                    ; cnt_p[12] ; cnt_p[8]  ; clk        ; clk      ; None                        ; None                      ; 10.629 ns               ;
; N/A                                     ; 88.20 MHz ( period = 11.338 ns )                    ; cnt_p[12] ; cnt_p[10] ; clk        ; clk      ; None                        ; None                      ; 10.629 ns               ;
; N/A                                     ; 88.20 MHz ( period = 11.338 ns )                    ; cnt_p[12] ; cnt_p[9]  ; clk        ; clk      ; None                        ; None                      ; 10.629 ns               ;
; N/A                                     ; 88.20 MHz ( period = 11.338 ns )                    ; cnt_p[12] ; cnt_p[7]  ; clk        ; clk      ; None                        ; None                      ; 10.629 ns               ;
; N/A                                     ; 88.83 MHz ( period = 11.257 ns )                    ; cnt_p[24] ; cnt_p[6]  ; clk        ; clk      ; None                        ; None                      ; 10.548 ns               ;
; N/A                                     ; 88.83 MHz ( period = 11.257 ns )                    ; cnt_p[24] ; cnt_p[0]  ; clk        ; clk      ; None                        ; None                      ; 10.548 ns               ;
; N/A                                     ; 88.83 MHz ( period = 11.257 ns )                    ; cnt_p[24] ; cnt_p[1]  ; clk        ; clk      ; None                        ; None                      ; 10.548 ns               ;
; N/A                                     ; 88.83 MHz ( period = 11.257 ns )                    ; cnt_p[24] ; cnt_p[2]  ; clk        ; clk      ; None                        ; None                      ; 10.548 ns               ;
; N/A                                     ; 88.83 MHz ( period = 11.257 ns )                    ; cnt_p[24] ; cnt_p[3]  ; clk        ; clk      ; None                        ; None                      ; 10.548 ns               ;
; N/A                                     ; 88.83 MHz ( period = 11.257 ns )                    ; cnt_p[24] ; cnt_p[4]  ; clk        ; clk      ; None                        ; None                      ; 10.548 ns               ;
; N/A                                     ; 88.83 MHz ( period = 11.257 ns )                    ; cnt_p[24] ; cnt_p[5]  ; clk        ; clk      ; None                        ; None                      ; 10.548 ns               ;
; N/A                                     ; 88.97 MHz ( period = 11.240 ns )                    ; cnt_p[24] ; cnt_p[16] ; clk        ; clk      ; None                        ; None                      ; 10.531 ns               ;
; N/A                                     ; 88.97 MHz ( period = 11.240 ns )                    ; cnt_p[24] ; cnt_p[11] ; clk        ; clk      ; None                        ; None                      ; 10.531 ns               ;
; N/A                                     ; 88.97 MHz ( period = 11.240 ns )                    ; cnt_p[24] ; cnt_p[15] ; clk        ; clk      ; None                        ; None                      ; 10.531 ns               ;
; N/A                                     ; 88.97 MHz ( period = 11.240 ns )                    ; cnt_p[24] ; cnt_p[14] ; clk        ; clk      ; None                        ; None                      ; 10.531 ns               ;
; N/A                                     ; 88.97 MHz ( period = 11.240 ns )                    ; cnt_p[24] ; cnt_p[13] ; clk        ; clk      ; None                        ; None                      ; 10.531 ns               ;
; N/A                                     ; 88.97 MHz ( period = 11.240 ns )                    ; cnt_p[24] ; cnt_p[12] ; clk        ; clk      ; None                        ; None                      ; 10.531 ns               ;
; N/A                                     ; 88.97 MHz ( period = 11.240 ns )                    ; cnt_p[24] ; cnt_p[8]  ; clk        ; clk      ; None                        ; None                      ; 10.531 ns               ;
; N/A                                     ; 88.97 MHz ( period = 11.240 ns )                    ; cnt_p[24] ; cnt_p[10] ; clk        ; clk      ; None                        ; None                      ; 10.531 ns               ;
; N/A                                     ; 88.97 MHz ( period = 11.240 ns )                    ; cnt_p[24] ; cnt_p[9]  ; clk        ; clk      ; None                        ; None                      ; 10.531 ns               ;
; N/A                                     ; 88.97 MHz ( period = 11.240 ns )                    ; cnt_p[24] ; cnt_p[7]  ; clk        ; clk      ; None                        ; None                      ; 10.531 ns               ;
; N/A                                     ; 89.58 MHz ( period = 11.163 ns )                    ; cnt_p[13] ; cnt_p[6]  ; clk        ; clk      ; None                        ; None                      ; 10.454 ns               ;
; N/A                                     ; 89.58 MHz ( period = 11.163 ns )                    ; cnt_p[13] ; cnt_p[0]  ; clk        ; clk      ; None                        ; None                      ; 10.454 ns               ;
; N/A                                     ; 89.58 MHz ( period = 11.163 ns )                    ; cnt_p[13] ; cnt_p[1]  ; clk        ; clk      ; None                        ; None                      ; 10.454 ns               ;
; N/A                                     ; 89.58 MHz ( period = 11.163 ns )                    ; cnt_p[13] ; cnt_p[2]  ; clk        ; clk      ; None                        ; None                      ; 10.454 ns               ;
; N/A                                     ; 89.58 MHz ( period = 11.163 ns )                    ; cnt_p[13] ; cnt_p[3]  ; clk        ; clk      ; None                        ; None                      ; 10.454 ns               ;
; N/A                                     ; 89.58 MHz ( period = 11.163 ns )                    ; cnt_p[13] ; cnt_p[4]  ; clk        ; clk      ; None                        ; None                      ; 10.454 ns               ;
; N/A                                     ; 89.58 MHz ( period = 11.163 ns )                    ; cnt_p[13] ; cnt_p[5]  ; clk        ; clk      ; None                        ; None                      ; 10.454 ns               ;
; N/A                                     ; 89.72 MHz ( period = 11.146 ns )                    ; cnt_p[13] ; cnt_p[16] ; clk        ; clk      ; None                        ; None                      ; 10.437 ns               ;
; N/A                                     ; 89.72 MHz ( period = 11.146 ns )                    ; cnt_p[13] ; cnt_p[11] ; clk        ; clk      ; None                        ; None                      ; 10.437 ns               ;
; N/A                                     ; 89.72 MHz ( period = 11.146 ns )                    ; cnt_p[13] ; cnt_p[15] ; clk        ; clk      ; None                        ; None                      ; 10.437 ns               ;
; N/A                                     ; 89.72 MHz ( period = 11.146 ns )                    ; cnt_p[13] ; cnt_p[14] ; clk        ; clk      ; None                        ; None                      ; 10.437 ns               ;
; N/A                                     ; 89.72 MHz ( period = 11.146 ns )                    ; cnt_p[13] ; cnt_p[13] ; clk        ; clk      ; None                        ; None                      ; 10.437 ns               ;
; N/A                                     ; 89.72 MHz ( period = 11.146 ns )                    ; cnt_p[13] ; cnt_p[12] ; clk        ; clk      ; None                        ; None                      ; 10.437 ns               ;
; N/A                                     ; 89.72 MHz ( period = 11.146 ns )                    ; cnt_p[13] ; cnt_p[8]  ; clk        ; clk      ; None                        ; None                      ; 10.437 ns               ;
; N/A                                     ; 89.72 MHz ( period = 11.146 ns )                    ; cnt_p[13] ; cnt_p[10] ; clk        ; clk      ; None                        ; None                      ; 10.437 ns               ;
; N/A                                     ; 89.72 MHz ( period = 11.146 ns )                    ; cnt_p[13] ; cnt_p[9]  ; clk        ; clk      ; None                        ; None                      ; 10.437 ns               ;
; N/A                                     ; 89.72 MHz ( period = 11.146 ns )                    ; cnt_p[13] ; cnt_p[7]  ; clk        ; clk      ; None                        ; None                      ; 10.437 ns               ;
; N/A                                     ; 90.17 MHz ( period = 11.090 ns )                    ; cnt_p[21] ; cnt_p[6]  ; clk        ; clk      ; None                        ; None                      ; 10.381 ns               ;
; N/A                                     ; 90.17 MHz ( period = 11.090 ns )                    ; cnt_p[21] ; cnt_p[0]  ; clk        ; clk      ; None                        ; None                      ; 10.381 ns               ;
; N/A                                     ; 90.17 MHz ( period = 11.090 ns )                    ; cnt_p[21] ; cnt_p[1]  ; clk        ; clk      ; None                        ; None                      ; 10.381 ns               ;
; N/A                                     ; 90.17 MHz ( period = 11.090 ns )                    ; cnt_p[21] ; cnt_p[2]  ; clk        ; clk      ; None                        ; None                      ; 10.381 ns               ;
; N/A                                     ; 90.17 MHz ( period = 11.090 ns )                    ; cnt_p[21] ; cnt_p[3]  ; clk        ; clk      ; None                        ; None                      ; 10.381 ns               ;
; N/A                                     ; 90.17 MHz ( period = 11.090 ns )                    ; cnt_p[21] ; cnt_p[4]  ; clk        ; clk      ; None                        ; None                      ; 10.381 ns               ;
; N/A                                     ; 90.17 MHz ( period = 11.090 ns )                    ; cnt_p[21] ; cnt_p[5]  ; clk        ; clk      ; None                        ; None                      ; 10.381 ns               ;
; N/A                                     ; 90.31 MHz ( period = 11.073 ns )                    ; cnt_p[21] ; cnt_p[16] ; clk        ; clk      ; None                        ; None                      ; 10.364 ns               ;
; N/A                                     ; 90.31 MHz ( period = 11.073 ns )                    ; cnt_p[21] ; cnt_p[11] ; clk        ; clk      ; None                        ; None                      ; 10.364 ns               ;
; N/A                                     ; 90.31 MHz ( period = 11.073 ns )                    ; cnt_p[21] ; cnt_p[15] ; clk        ; clk      ; None                        ; None                      ; 10.364 ns               ;
; N/A                                     ; 90.31 MHz ( period = 11.073 ns )                    ; cnt_p[21] ; cnt_p[14] ; clk        ; clk      ; None                        ; None                      ; 10.364 ns               ;
; N/A                                     ; 90.31 MHz ( period = 11.073 ns )                    ; cnt_p[21] ; cnt_p[13] ; clk        ; clk      ; None                        ; None                      ; 10.364 ns               ;
; N/A                                     ; 90.31 MHz ( period = 11.073 ns )                    ; cnt_p[21] ; cnt_p[12] ; clk        ; clk      ; None                        ; None                      ; 10.364 ns               ;
; N/A                                     ; 90.31 MHz ( period = 11.073 ns )                    ; cnt_p[21] ; cnt_p[8]  ; clk        ; clk      ; None                        ; None                      ; 10.364 ns               ;
; N/A                                     ; 90.31 MHz ( period = 11.073 ns )                    ; cnt_p[21] ; cnt_p[10] ; clk        ; clk      ; None                        ; None                      ; 10.364 ns               ;
; N/A                                     ; 90.31 MHz ( period = 11.073 ns )                    ; cnt_p[21] ; cnt_p[9]  ; clk        ; clk      ; None                        ; None                      ; 10.364 ns               ;
; N/A                                     ; 90.31 MHz ( period = 11.073 ns )                    ; cnt_p[21] ; cnt_p[7]  ; clk        ; clk      ; None                        ; None                      ; 10.364 ns               ;
; N/A                                     ; 90.65 MHz ( period = 11.031 ns )                    ; cnt_p[1]  ; cnt_p[6]  ; clk        ; clk      ; None                        ; None                      ; 10.322 ns               ;
; N/A                                     ; 90.65 MHz ( period = 11.031 ns )                    ; cnt_p[1]  ; cnt_p[0]  ; clk        ; clk      ; None                        ; None                      ; 10.322 ns               ;
; N/A                                     ; 90.65 MHz ( period = 11.031 ns )                    ; cnt_p[1]  ; cnt_p[1]  ; clk        ; clk      ; None                        ; None                      ; 10.322 ns               ;
; N/A                                     ; 90.65 MHz ( period = 11.031 ns )                    ; cnt_p[1]  ; cnt_p[2]  ; clk        ; clk      ; None                        ; None                      ; 10.322 ns               ;
; N/A                                     ; 90.65 MHz ( period = 11.031 ns )                    ; cnt_p[1]  ; cnt_p[3]  ; clk        ; clk      ; None                        ; None                      ; 10.322 ns               ;
; N/A                                     ; 90.65 MHz ( period = 11.031 ns )                    ; cnt_p[1]  ; cnt_p[4]  ; clk        ; clk      ; None                        ; None                      ; 10.322 ns               ;
; N/A                                     ; 90.65 MHz ( period = 11.031 ns )                    ; cnt_p[1]  ; cnt_p[5]  ; clk        ; clk      ; None                        ; None                      ; 10.322 ns               ;
; N/A                                     ; 90.79 MHz ( period = 11.014 ns )                    ; cnt_p[1]  ; cnt_p[11] ; clk        ; clk      ; None                        ; None                      ; 10.305 ns               ;
; N/A                                     ; 90.79 MHz ( period = 11.014 ns )                    ; cnt_p[1]  ; cnt_p[15] ; clk        ; clk      ; None                        ; None                      ; 10.305 ns               ;
; N/A                                     ; 90.79 MHz ( period = 11.014 ns )                    ; cnt_p[1]  ; cnt_p[14] ; clk        ; clk      ; None                        ; None                      ; 10.305 ns               ;
; N/A                                     ; 90.79 MHz ( period = 11.014 ns )                    ; cnt_p[1]  ; cnt_p[13] ; clk        ; clk      ; None                        ; None                      ; 10.305 ns               ;
; N/A                                     ; 90.79 MHz ( period = 11.014 ns )                    ; cnt_p[1]  ; cnt_p[12] ; clk        ; clk      ; None                        ; None                      ; 10.305 ns               ;
; N/A                                     ; 90.79 MHz ( period = 11.014 ns )                    ; cnt_p[1]  ; cnt_p[8]  ; clk        ; clk      ; None                        ; None                      ; 10.305 ns               ;
; N/A                                     ; 90.79 MHz ( period = 11.014 ns )                    ; cnt_p[1]  ; cnt_p[10] ; clk        ; clk      ; None                        ; None                      ; 10.305 ns               ;
; N/A                                     ; 90.79 MHz ( period = 11.014 ns )                    ; cnt_p[1]  ; cnt_p[9]  ; clk        ; clk      ; None                        ; None                      ; 10.305 ns               ;
; Timing analysis restricted to 200 rows. ; To change the limit use Settings (Assignments menu) ;           ;           ;            ;          ;                             ;                           ;                         ;
+-----------------------------------------+-----------------------------------------------------+-----------+-----------+------------+----------+-----------------------------+---------------------------+-------------------------+


+--------------------------------------------------------------------------+
; tco                                                                      ;
+-------+--------------+------------+------------+------------+------------+
; Slack ; Required tco ; Actual tco ; From       ; To         ; From Clock ;
+-------+--------------+------------+------------+------------+------------+
; N/A   ; None         ; 12.801 ns  ; bcd[1]     ; seg_out[3] ; clk        ;
; N/A   ; None         ; 12.759 ns  ; bcd[1]     ; seg_out[4] ; clk        ;
; N/A   ; None         ; 12.744 ns  ; bcd[1]     ; seg_out[2] ; clk        ;
; N/A   ; None         ; 12.690 ns  ; bcd[1]     ; seg_out[0] ; clk        ;
; N/A   ; None         ; 12.684 ns  ; bcd[1]     ; seg_out[1] ; clk        ;
; N/A   ; None         ; 12.593 ns  ; bcd_cnt[0] ; seg_out[3] ; clk        ;
; N/A   ; None         ; 12.572 ns  ; bcd_cnt[0] ; seg_out[2] ; clk        ;
; N/A   ; None         ; 12.549 ns  ; bcd_cnt[0] ; seg_out[4] ; clk        ;
; N/A   ; None         ; 12.505 ns  ; bcd_cnt[0] ; seg_out[0] ; clk        ;
; N/A   ; None         ; 12.481 ns  ; bcd_cnt[0] ; seg_out[1] ; clk        ;
; N/A   ; None         ; 12.455 ns  ; bcd[1]     ; seg_out[6] ; clk        ;
; N/A   ; None         ; 12.421 ns  ; bcd[2]     ; seg_out[3] ; clk        ;
; N/A   ; None         ; 12.393 ns  ; bcd[2]     ; seg_out[2] ; clk        ;
; N/A   ; None         ; 12.380 ns  ; bcd[2]     ; seg_out[4] ; clk        ;
; N/A   ; None         ; 12.325 ns  ; bcd[2]     ; seg_out[0] ; clk        ;
; N/A   ; None         ; 12.305 ns  ; bcd[2]     ; seg_out[1] ; clk        ;
; N/A   ; None         ; 12.180 ns  ; bcd[2]     ; seg_out[6] ; clk        ;
; N/A   ; None         ; 12.075 ns  ; bcd[3]     ; seg_out[3] ; clk        ;
; N/A   ; None         ; 12.043 ns  ; bcd[2]     ; seg_out[5] ; clk        ;
; N/A   ; None         ; 12.035 ns  ; bcd[3]     ; seg_out[2] ; clk        ;
; N/A   ; None         ; 12.033 ns  ; bcd[3]     ; seg_out[4] ; clk        ;
; N/A   ; None         ; 11.970 ns  ; bcd_cnt[0] ; seg_out[6] ; clk        ;
; N/A   ; None         ; 11.968 ns  ; bcd[3]     ; seg_out[0] ; clk        ;
; N/A   ; None         ; 11.958 ns  ; bcd[3]     ; seg_out[1] ; clk        ;
; N/A   ; None         ; 11.867 ns  ; bcd_cnt[0] ; seg_out[5] ; clk        ;
; N/A   ; None         ; 11.683 ns  ; bcd[1]     ; seg_out[5] ; clk        ;
; N/A   ; None         ; 11.654 ns  ; bcd[3]     ; seg_out[6] ; clk        ;
; N/A   ; None         ; 11.330 ns  ; bcd[3]     ; seg_out[5] ; clk        ;
+-------+--------------+------------+------------+------------+------------+


+--------------------------+
; Timing Analyzer Messages ;
+--------------------------+
Info: *******************************************************************
Info: Running Quartus II Classic Timing Analyzer
    Info: Version 9.1 Build 350 03/24/2010 Service Pack 2 SJ Web Edition
    Info: Processing started: Thu Dec 28 11:51:40 2023
Info: Command: quartus_tan --read_settings_files=off --write_settings_files=off cpld_code -c cpld_code
Info: Started post-fitting delay annotation
Info: Delay annotation completed successfully
Warning: Found pins functioning as undefined clocks and/or memory enables
    Info: Assuming node "clk" is an undefined clock
Info: Clock "clk" has Internal fmax of 74.85 MHz between source register "cnt_p[11]" and destination register "cnt_p[6]" (period= 13.36 ns)
    Info: + Longest register to register delay is 12.651 ns
        Info: 1: + IC(0.000 ns) + CELL(0.000 ns) = 0.000 ns; Loc. = LC_X14_Y3_N4; Fanout = 4; REG Node = 'cnt_p[11]'
        Info: 2: + IC(2.608 ns) + CELL(0.511 ns) = 3.119 ns; Loc. = LC_X16_Y7_N8; Fanout = 1; COMB Node = 'LessThan0~7'
        Info: 3: + IC(2.478 ns) + CELL(0.200 ns) = 5.797 ns; Loc. = LC_X13_Y3_N2; Fanout = 2; COMB Node = 'LessThan0~10'
        Info: 4: + IC(2.439 ns) + CELL(0.200 ns) = 8.436 ns; Loc. = LC_X16_Y7_N9; Fanout = 25; COMB Node = 'LessThan0~11'
        Info: 5: + IC(2.455 ns) + CELL(1.760 ns) = 12.651 ns; Loc. = LC_X13_Y3_N9; Fanout = 3; REG Node = 'cnt_p[6]'
        Info: Total cell delay = 2.671 ns ( 21.11 % )
        Info: Total interconnect delay = 9.980 ns ( 78.89 % )
    Info: - Smallest clock skew is 0.000 ns
        Info: + Shortest clock path from clock "clk" to destination register is 3.819 ns
            Info: 1: + IC(0.000 ns) + CELL(1.163 ns) = 1.163 ns; Loc. = PIN_20; Fanout = 30; CLK Node = 'clk'
            Info: 2: + IC(1.738 ns) + CELL(0.918 ns) = 3.819 ns; Loc. = LC_X13_Y3_N9; Fanout = 3; REG Node = 'cnt_p[6]'
            Info: Total cell delay = 2.081 ns ( 54.49 % )
            Info: Total interconnect delay = 1.738 ns ( 45.51 % )
        Info: - Longest clock path from clock "clk" to source register is 3.819 ns
            Info: 1: + IC(0.000 ns) + CELL(1.163 ns) = 1.163 ns; Loc. = PIN_20; Fanout = 30; CLK Node = 'clk'
            Info: 2: + IC(1.738 ns) + CELL(0.918 ns) = 3.819 ns; Loc. = LC_X14_Y3_N4; Fanout = 4; REG Node = 'cnt_p[11]'
            Info: Total cell delay = 2.081 ns ( 54.49 % )
            Info: Total interconnect delay = 1.738 ns ( 45.51 % )
    Info: + Micro clock to output delay of source is 0.376 ns
    Info: + Micro setup delay of destination is 0.333 ns
Info: tco from clock "clk" to destination pin "seg_out[3]" through register "bcd[1]" is 12.801 ns
    Info: + Longest clock path from clock "clk" to source register is 3.819 ns
        Info: 1: + IC(0.000 ns) + CELL(1.163 ns) = 1.163 ns; Loc. = PIN_20; Fanout = 30; CLK Node = 'clk'
        Info: 2: + IC(1.738 ns) + CELL(0.918 ns) = 3.819 ns; Loc. = LC_X15_Y7_N5; Fanout = 10; REG Node = 'bcd[1]'
        Info: Total cell delay = 2.081 ns ( 54.49 % )
        Info: Total interconnect delay = 1.738 ns ( 45.51 % )
    Info: + Micro clock to output delay of source is 0.376 ns
    Info: + Longest register to pin delay is 8.606 ns
        Info: 1: + IC(0.000 ns) + CELL(0.000 ns) = 0.000 ns; Loc. = LC_X15_Y7_N5; Fanout = 10; REG Node = 'bcd[1]'
        Info: 2: + IC(1.063 ns) + CELL(0.914 ns) = 1.977 ns; Loc. = LC_X15_Y7_N2; Fanout = 1; COMB Node = 'seg_out~3'
        Info: 3: + IC(4.307 ns) + CELL(2.322 ns) = 8.606 ns; Loc. = PIN_24; Fanout = 0; PIN Node = 'seg_out[3]'
        Info: Total cell delay = 3.236 ns ( 37.60 % )
        Info: Total interconnect delay = 5.370 ns ( 62.40 % )
Info: Quartus II Classic Timing Analyzer was successful. 0 errors, 1 warning
    Info: Peak virtual memory: 184 megabytes
    Info: Processing ended: Thu Dec 28 11:51:40 2023
    Info: Elapsed time: 00:00:00
    Info: Total CPU time (on all processors): 00:00:00


