Analysis & Synthesis report for cpld_code
Thu Dec 21 12:12:38 2023
Quartus II Version 9.1 Build 350 03/24/2010 Service Pack 2 SJ Web Edition


---------------------
; Table of Contents ;
---------------------
  1. Legal Notice
  2. Analysis & Synthesis Summary
  3. Analysis & Synthesis Settings
  4. Parallel Compilation
  5. Analysis & Synthesis Messages



----------------
; Legal Notice ;
----------------
Copyright (C) 1991-2010 Altera Corporation
Your use of Altera Corporation's design tools, logic functions 
and other software and tools, and its AMPP partner logic 
functions, and any output files from any of the foregoing 
(including device programming or simulation files), and any 
associated documentation or information are expressly subject 
to the terms and conditions of the Altera Program License 
Subscription Agreement, Altera MegaCore Function License 
Agreement, or other applicable license agreement, including, 
without limitation, that your use is for the sole purpose of 
programming logic devices manufactured by Altera and sold by 
Altera or its authorized distributors.  Please refer to the 
applicable agreement for further details.



+----------------------------------------------------------------------------+
; Analysis & Synthesis Summary                                               ;
+-----------------------------+----------------------------------------------+
; Analysis & Synthesis Status ; Failed - Thu Dec 21 12:12:38 2023            ;
; Quartus II Version          ; 9.1 Build 350 03/24/2010 SP 2 SJ Web Edition ;
; Revision Name               ; cpld_code                                    ;
; Top-level Entity Name       ; cpld_code                                    ;
; Family                      ; MAX II                                       ;
+-----------------------------+----------------------------------------------+


+----------------------------------------------------------------------------------------------------------------------+
; Analysis & Synthesis Settings                                                                                        ;
+----------------------------------------------------------------------------+--------------------+--------------------+
; Option                                                                     ; Setting            ; Default Value      ;
+----------------------------------------------------------------------------+--------------------+--------------------+
; Device                                                                     ; EPM1270T144C5      ;                    ;
; Top-level entity name                                                      ; cpld_code          ; cpld_code          ;
; Family name                                                                ; MAX II             ; Stratix II         ;
; Use Generated Physical Constraints File                                    ; Off                ;                    ;
; Use smart compilation                                                      ; Off                ; Off                ;
; Enable parallel Assembler and TimeQuest Timing Analyzer during compilation ; On                 ; On                 ;
; Enable compact report table                                                ; Off                ; Off                ;
; Restructure Multiplexers                                                   ; Auto               ; Auto               ;
; Create Debugging Nodes for IP Cores                                        ; Off                ; Off                ;
; Preserve fewer node names                                                  ; On                 ; On                 ;
; Disable OpenCore Plus hardware evaluation                                  ; Off                ; Off                ;
; Verilog Version                                                            ; Verilog_2001       ; Verilog_2001       ;
; VHDL Version                                                               ; VHDL_1993          ; VHDL_1993          ;
; State Machine Processing                                                   ; Auto               ; Auto               ;
; Safe State Machine                                                         ; Off                ; Off                ;
; Extract Verilog State Machines                                             ; On                 ; On                 ;
; Extract VHDL State Machines                                                ; On                 ; On                 ;
; Ignore Verilog initial constructs                                          ; Off                ; Off                ;
; Iteration limit for constant Verilog loops                                 ; 5000               ; 5000               ;
; Iteration limit for non-constant Verilog loops                             ; 250                ; 250                ;
; Add Pass-Through Logic to Inferred RAMs                                    ; On                 ; On                 ;
; Parallel Synthesis                                                         ; On                 ; On                 ;
; NOT Gate Push-Back                                                         ; On                 ; On                 ;
; Power-Up Don't Care                                                        ; On                 ; On                 ;
; Remove Redundant Logic Cells                                               ; Off                ; Off                ;
; Remove Duplicate Registers                                                 ; On                 ; On                 ;
; Ignore CARRY Buffers                                                       ; Off                ; Off                ;
; Ignore CASCADE Buffers                                                     ; Off                ; Off                ;
; Ignore GLOBAL Buffers                                                      ; Off                ; Off                ;
; Ignore ROW GLOBAL Buffers                                                  ; Off                ; Off                ;
; Ignore LCELL Buffers                                                       ; Off                ; Off                ;
; Ignore SOFT Buffers                                                        ; On                 ; On                 ;
; Limit AHDL Integers to 32 Bits                                             ; Off                ; Off                ;
; Optimization Technique                                                     ; Balanced           ; Balanced           ;
; Carry Chain Length                                                         ; 70                 ; 70                 ;
; Auto Carry Chains                                                          ; On                 ; On                 ;
; Auto Open-Drain Pins                                                       ; On                 ; On                 ;
; Perform WYSIWYG Primitive Resynthesis                                      ; Off                ; Off                ;
; Auto Shift Register Replacement                                            ; Auto               ; Auto               ;
; Auto Clock Enable Replacement                                              ; On                 ; On                 ;
; Allow Synchronous Control Signals                                          ; On                 ; On                 ;
; Force Use of Synchronous Clear Signals                                     ; Off                ; Off                ;
; Auto Resource Sharing                                                      ; Off                ; Off                ;
; Use LogicLock Constraints during Resource Balancing                        ; On                 ; On                 ;
; Ignore translate_off and synthesis_off directives                          ; Off                ; Off                ;
; Show Parameter Settings Tables in Synthesis Report                         ; On                 ; On                 ;
; Ignore Maximum Fan-Out Assignments                                         ; Off                ; Off                ;
; Synchronization Register Chain Length                                      ; 2                  ; 2                  ;
; PowerPlay Power Optimization                                               ; Normal compilation ; Normal compilation ;
; HDL message level                                                          ; Level2             ; Level2             ;
; Suppress Register Optimization Related Messages                            ; Off                ; Off                ;
; Number of Removed Registers Reported in Synthesis Report                   ; 5000               ; 5000               ;
; Number of Inverted Registers Reported in Synthesis Report                  ; 100                ; 100                ;
; Clock MUX Protection                                                       ; On                 ; On                 ;
; Block Design Naming                                                        ; Auto               ; Auto               ;
; Synthesis Effort                                                           ; Auto               ; Auto               ;
; Shift Register Replacement - Allow Asynchronous Clear Signal               ; On                 ; On                 ;
; Analysis & Synthesis Message Level                                         ; Medium             ; Medium             ;
; Disable Register Merging Across Hierarchies                                ; Auto               ; Auto               ;
+----------------------------------------------------------------------------+--------------------+--------------------+


Parallel compilation was disabled, but you have multiple processors available. Enable parallel compilation to reduce compilation time.
+-------------------------------------+
; Parallel Compilation                ;
+----------------------------+--------+
; Processors                 ; Number ;
+----------------------------+--------+
; Number detected on machine ; 4      ;
; Maximum allowed            ; 1      ;
+----------------------------+--------+


+-------------------------------+
; Analysis & Synthesis Messages ;
+-------------------------------+
Info: *******************************************************************
Info: Running Quartus II Analysis & Synthesis
    Info: Version 9.1 Build 350 03/24/2010 Service Pack 2 SJ Web Edition
    Info: Processing started: Thu Dec 21 12:12:37 2023
Info: Command: quartus_map --read_settings_files=on --write_settings_files=off cpld_code -c cpld_code
Error (10500): VHDL syntax error at cpld_code.vhd(8) near text "port";  expecting ":", or "," File: C:/Users/User/Desktop/cpld_code/cpld_code.vhd Line: 8
Error (10523): Ignored construct cpld_code at cpld_code.vhd(6) due to previous errors File: C:/Users/User/Desktop/cpld_code/cpld_code.vhd Line: 6
Error (10500): VHDL syntax error at cpld_code.vhd(17) near text "=";  expecting ";", or ":=", or "bus", or "register" File: C:/Users/User/Desktop/cpld_code/cpld_code.vhd Line: 17
Error (10500): VHDL syntax error at cpld_code.vhd(24) near text "if";  expecting "end", or "(", or an identifier ("if" is a reserved keyword), or a concurrent statement File: C:/Users/User/Desktop/cpld_code/cpld_code.vhd Line: 24
Error (10500): VHDL syntax error at cpld_code.vhd(24) near text "then";  expecting "<=" File: C:/Users/User/Desktop/cpld_code/cpld_code.vhd Line: 24
Error (10500): VHDL syntax error at cpld_code.vhd(25) near text "then";  expecting "<=" File: C:/Users/User/Desktop/cpld_code/cpld_code.vhd Line: 25
Error (10500): VHDL syntax error at cpld_code.vhd(27) near text ":=";  expecting "(", or "'", or "." File: C:/Users/User/Desktop/cpld_code/cpld_code.vhd Line: 27
Error (10500): VHDL syntax error at cpld_code.vhd(29) near text "then";  expecting "<=" File: C:/Users/User/Desktop/cpld_code/cpld_code.vhd Line: 29
Error (10500): VHDL syntax error at cpld_code.vhd(31) near text ":=";  expecting "(", or "'", or "." File: C:/Users/User/Desktop/cpld_code/cpld_code.vhd Line: 31
Error (10500): VHDL syntax error at cpld_code.vhd(35) near text ":=";  expecting "(", or "'", or "." File: C:/Users/User/Desktop/cpld_code/cpld_code.vhd Line: 35
Error (10500): VHDL syntax error at cpld_code.vhd(35) near text ";";  expecting "<=" File: C:/Users/User/Desktop/cpld_code/cpld_code.vhd Line: 35
Error (10500): VHDL syntax error at cpld_code.vhd(50) near text "else";  expecting ";" File: C:/Users/User/Desktop/cpld_code/cpld_code.vhd Line: 50
Info: Found 0 design units, including 0 entities, in source file cpld_code.vhd
Error: Quartus II Analysis & Synthesis was unsuccessful. 12 errors, 0 warnings
    Error: Peak virtual memory: 235 megabytes
    Error: Processing ended: Thu Dec 21 12:12:38 2023
    Error: Elapsed time: 00:00:01
    Error: Total CPU time (on all processors): 00:00:01


